<?xml version="1.0" encoding="utf-8"?><testsuites name="pytest tests"><testsuite name="pytest" errors="0" failures="0" skipped="0" tests="5" time="0.631" timestamp="2026-06-12T01:51:33.720618+00:00" hostname="agent-env-e42f4e32-8bed-4abe-a461-9ba9c7365ec9"><testcase classname="backend.tests.test_hotels" name="test_root" time="0.272" /><testcase classname="backend.tests.test_hotels" name="test_list_hotels" time="0.043" /><testcase classname="backend.tests.test_hotels" name="test_get_hotel_by_id" time="0.089" /><testcase classname="backend.tests.test_hotels" name="test_get_hotel_not_found" time="0.049" /><testcase classname="backend.tests.test_hotels" name="test_create_hotel_and_persist" time="0.088" /></testsuite></testsuites>